<?xml version="1.0" encoding="UTF-8"?>
<testsuite xmlns:xsi="http://www.w3.org/2001/XMLSchema-instance" xsi:noNamespaceSchemaLocation="https://maven.apache.org/surefire/maven-surefire-plugin/xsd/surefire-test-report-3.0.xsd" version="3.0" name="fonda.scheduler.distributedscheduler.SDLSSchedulerTest" time="0.397" tests="19" errors="0" skipped="0" failures="0">
  <properties>
[...]
</properties>
  <testcase name="sblevelcalcTestedgevalues" classname="fonda.scheduler.distributedscheduler.SDLSSchedulerTest" time="0.141">
    <system-out><![CDATA[Start sbexp: 3.0 ,  sbvar: 3.0
vertexone sbexp: 2.0 ,  sbvar: 2.0
Quelle: Start Ziel: vertexone
exp: 0.0 var: 0.0
]]></system-out>
  </testcase>
  <testcase name="testmaxvalues" classname="fonda.scheduler.distributedscheduler.SDLSSchedulerTest" time="0.046">
    <system-out><![CDATA[results: 23.0 zweiter: 13.0
]]></system-out>
  </testcase>
  <testcase name="sdlstestnull" classname="fonda.scheduler.distributedscheduler.SDLSSchedulerTest" time="0.014">
    <system-out><![CDATA[results: [0.2, [[fonda.scheduler.model.MyVertex@15ca7889, fonda.scheduler.model.MyProcessor@21b2e768], [fonda.scheduler.model.MyVertex@d21a74c, fonda.scheduler.model.MyProcessor@57250572], [fonda.scheduler.model.MyVertex@7a675056, fonda.scheduler.model.MyProcessor@21b2e768], [fonda.scheduler.model.MyVertex@6e509ffa, fonda.scheduler.model.MyProcessor@21b2e768]]]
]]></system-out>
  </testcase>
  <testcase name="sblevelcalcTestedgevalues2" classname="fonda.scheduler.distributedscheduler.SDLSSchedulerTest" time="0.007">
    <system-out><![CDATA[rootvertex sbexp: 3.0 ,  sbvar: 3.0
End sbexp: 2.0 ,  sbvar: 2.0
Quelle: rootvertex Ziel: End
exp: 0.0 var: 0.0
]]></system-out>
  </testcase>
  <testcase name="sblevelcalcTestoneedge" classname="fonda.scheduler.distributedscheduler.SDLSSchedulerTest" time="0.008"/>
  <testcase name="sdlstest1" classname="fonda.scheduler.distributedscheduler.SDLSSchedulerTest" time="0.002"/>
  <testcase name="sdlstest2" classname="fonda.scheduler.distributedscheduler.SDLSSchedulerTest" time="0.006">
    <system-out><![CDATA[MaxValues-Wrong values mistake. Take Note!
MaxValues-Wrong values mistake. Take Note!
makespan: 0.2
]]></system-out>
  </testcase>
  <testcase name="sdlstest3" classname="fonda.scheduler.distributedscheduler.SDLSSchedulerTest" time="0.007">
    <system-out><![CDATA[MaxValues-Wrong values mistake. Take Note!
MaxValues-Wrong values mistake. Take Note!
MaxValues-Wrong values mistake. Take Note!
MaxValues-Wrong values mistake. Take Note!
MaxValues-Wrong values mistake. Take Note!
MaxValues-Wrong values mistake. Take Note!
results: [1.0, [[fonda.scheduler.model.MyVertex@7c83dc97, fonda.scheduler.model.MyProcessor@65b3f4a4], [fonda.scheduler.model.MyVertex@740773a3, fonda.scheduler.model.MyProcessor@65b3f4a4], [fonda.scheduler.model.MyVertex@7748410a, fonda.scheduler.model.MyProcessor@65b3f4a4], [fonda.scheduler.model.MyVertex@37f1104d, fonda.scheduler.model.MyProcessor@65b3f4a4]]]
]]></system-out>
  </testcase>
  <testcase name="sdlstest4" classname="fonda.scheduler.distributedscheduler.SDLSSchedulerTest" time="0.005">
    <system-out><![CDATA[results: [0.06666667, [[fonda.scheduler.model.MyVertex@f2ff811, fonda.scheduler.model.MyProcessor@568ff82]]]
]]></system-out>
  </testcase>
  <testcase name="sdlstest5" classname="fonda.scheduler.distributedscheduler.SDLSSchedulerTest" time="0.005">
    <system-out><![CDATA[MaxValues-Wrong values mistake. Take Note!
MaxValues-Wrong values mistake. Take Note!
MaxValues-Wrong values mistake. Take Note!
MaxValues-Wrong values mistake. Take Note!
MaxValues-Wrong values mistake. Take Note!
MaxValues-Wrong values mistake. Take Note!
results: [0.20000002, [[fonda.scheduler.model.MyVertex@50caa560, fonda.scheduler.model.MyProcessor@186f8716], [fonda.scheduler.model.MyVertex@2a266d09, fonda.scheduler.model.MyProcessor@186f8716]]]
]]></system-out>
  </testcase>
  <testcase name="sdlstest6" classname="fonda.scheduler.distributedscheduler.SDLSSchedulerTest" time="0.011">
    <system-out><![CDATA[MaxValues-Wrong values mistake. Take Note!
MaxValues-Wrong values mistake. Take Note!
MaxValues-Wrong values mistake. Take Note!
MaxValues-Wrong values mistake. Take Note!
MaxValues-Wrong values mistake. Take Note!
MaxValues-Wrong values mistake. Take Note!
MaxValues-Wrong values mistake. Take Note!
MaxValues-Wrong values mistake. Take Note!
MaxValues-Wrong values mistake. Take Note!
MaxValues-Wrong values mistake. Take Note!
MaxValues-Wrong values mistake. Take Note!
MaxValues-Wrong values mistake. Take Note!
MaxValues-Wrong values mistake. Take Note!
MaxValues-Wrong values mistake. Take Note!
MaxValues-Wrong values mistake. Take Note!
MaxValues-Wrong values mistake. Take Note!
MaxValues-Wrong values mistake. Take Note!
results: [0.53333336, [[fonda.scheduler.model.MyVertex@1d8bd0de, fonda.scheduler.model.MyProcessor@157853da], [fonda.scheduler.model.MyVertex@11c9af63, fonda.scheduler.model.MyProcessor@157853da], [fonda.scheduler.model.MyVertex@45ca843, fonda.scheduler.model.MyProcessor@71c3b41], [fonda.scheduler.model.MyVertex@757acd7b, fonda.scheduler.model.MyProcessor@157853da]]]
]]></system-out>
  </testcase>
  <testcase name="sdlstest7" classname="fonda.scheduler.distributedscheduler.SDLSSchedulerTest" time="0.005">
    <system-out><![CDATA[MaxValues-Wrong values mistake. Take Note!
MaxValues-Wrong values mistake. Take Note!
MaxValues-Wrong values mistake. Take Note!
MaxValues-Wrong values mistake. Take Note!
MaxValues-Wrong values mistake. Take Note!
MaxValues-Wrong values mistake. Take Note!
results: [0.20000002, [[fonda.scheduler.model.MyVertex@236e3f4e, fonda.scheduler.model.MyProcessor@dd0c991], [fonda.scheduler.model.MyVertex@3cc1435c, fonda.scheduler.model.MyProcessor@dd0c991]]]
]]></system-out>
  </testcase>
  <testcase name="sdlstest8" classname="fonda.scheduler.distributedscheduler.SDLSSchedulerTest" time="0.008">
    <system-out><![CDATA[MaxValues-Wrong values mistake. Take Note!
MaxValues-Wrong values mistake. Take Note!
MaxValues-Wrong values mistake. Take Note!
MaxValues-Wrong values mistake. Take Note!
MaxValues-Wrong values mistake. Take Note!
MaxValues-Wrong values mistake. Take Note!
MaxValues-Wrong values mistake. Take Note!
MaxValues-Wrong values mistake. Take Note!
MaxValues-Wrong values mistake. Take Note!
MaxValues-Wrong values mistake. Take Note!
MaxValues-Wrong values mistake. Take Note!
MaxValues-Wrong values mistake. Take Note!
MaxValues-Wrong values mistake. Take Note!
MaxValues-Wrong values mistake. Take Note!
MaxValues-Wrong values mistake. Take Note!
MaxValues-Wrong values mistake. Take Note!
MaxValues-Wrong values mistake. Take Note!
results: [0.53333336, [[fonda.scheduler.model.MyVertex@5f16132a, fonda.scheduler.model.MyProcessor@55f616cf], [fonda.scheduler.model.MyVertex@36d585c, fonda.scheduler.model.MyProcessor@55f616cf], [fonda.scheduler.model.MyVertex@69fb6037, fonda.scheduler.model.MyProcessor@1356d4d4], [fonda.scheduler.model.MyVertex@87a85e1, fonda.scheduler.model.MyProcessor@55f616cf]]]
]]></system-out>
  </testcase>
  <testcase name="testmaxvalues2" classname="fonda.scheduler.distributedscheduler.SDLSSchedulerTest" time="0.009">
    <system-out><![CDATA[results: 23.0 zweiter: 7.0
]]></system-out>
  </testcase>
  <testcase name="testmaxvalues3" classname="fonda.scheduler.distributedscheduler.SDLSSchedulerTest" time="0.006">
    <system-out><![CDATA[results: 0.5 zweiter: 0.5
]]></system-out>
  </testcase>
  <testcase name="testmaxvalues4" classname="fonda.scheduler.distributedscheduler.SDLSSchedulerTest" time="0.008">
    <system-out><![CDATA[MaxValues-Wrong values mistake. Take Note!
results: 8.4 zweiter: 4.0
]]></system-out>
  </testcase>
  <testcase name="sblevelcalcTesttwodepth" classname="fonda.scheduler.distributedscheduler.SDLSSchedulerTest" time="0.012">
    <system-out><![CDATA[MaxValues-Wrong values mistake. Take Note!
]]></system-out>
  </testcase>
  <testcase name="sblevelcalcTesttwodepthnull" classname="fonda.scheduler.distributedscheduler.SDLSSchedulerTest" time="0.006">
    <system-out><![CDATA[MaxValues-Wrong values mistake. Take Note!
root sbexp: 7.4 ,  sbvar: 3.0
vertexone sbexp: 3.6 ,  sbvar: 2.0
vertextwo sbexp: 5.4 ,  sbvar: 3.0
vertexthree sbexp: 0.0 ,  sbvar: 0.0
]]></system-out>
  </testcase>
  <testcase name="sblevelcalcTestroot" classname="fonda.scheduler.distributedscheduler.SDLSSchedulerTest" time="0.008"/>
</testsuite>